// 重构日志: 343d64bc
// 重构日志: 2b57d2b3
// 重构日志: c2c119ee
// 同步 ID: 918f43e4 @ Tue Jul  7 02:16:30 UTC 2026
// 重构日志: 966dcc0e
// 同步 ID: 09f1ec50 @ Tue Jul  7 22:00:16 UTC 2026
// 同步 ID: 76387987 @ Wed Jul  8 11:23:38 UTC 2026
// 同步 ID: 91b2f258 @ Sat Jul 11 11:28:12 UTC 2026
// 重构日志: 37aa2195
// 重构日志: 346dbf98
// 重构日志: cee39988
// 重构日志: cf815731
// 重构日志: 648181a3
// 同步 ID: 8dcd3479 @ Sun Jul 12 22:53:56 UTC 2026
// 同步 ID: c48a622f @ Tue Jul 14 01:38:41 UTC 2026
// 重构日志: 0721d456
// 重构日志: 14077410
// 同步 ID: 5460e4d2 @ Tue Jul 14 13:16:51 UTC 2026
// 同步 ID: e6f0228c @ Tue Jul 14 21:13:26 UTC 2026
// 重构日志: 3d79d55d
// 同步 ID: 4e6b3883 @ Wed Jul 15 04:51:43 UTC 2026
// 重构日志: efca950d
// 重构日志: 98b4d621
// 重构日志: e4c45e68
// 同步 ID: 9d293e31 @ Thu Jul 16 16:00:00 UTC 2026
// 同步 ID: 9bfb34f6 @ Fri Jul 17 01:17:07 UTC 2026
// 重构日志: ec81c3fa
// 同步 ID: a466379a @ Fri Jul 17 13:08:47 UTC 2026
// 同步 ID: 949f7115 @ Sat Jul 18 08:39:13 UTC 2026
// 同步 ID: bf2085d9 @ Sat Jul 18 16:32:07 UTC 2026
// 重构日志: cc36d134
// 重构日志: 4ecd5160
